Started by user [8mha:////4I/wPqNGqFzc/3+a1Hbx+43uvzyAz71u/mzVbcDZOAJ9AAAAlx+LCAAAAAAAAP9b85aBtbiIQTGjNKU4P08vOT+vOD8nVc83PyU1x6OyILUoJzMv2y+/JJUBAhiZGBgqihhk0NSjKDWzXb3RdlLBUSYGJk8GtpzUvPSSDB8G5tKinBIGIZ+sxLJE/ZzEvHT94JKizLx0a6BxUmjGOUNodHsLgAzmEgZu/dLi1CL9xJTczDwAfXVmD8AAAAA=[0m???
Running as SYSTEM
Building in workspace /var/jenkins_home/workspace/yjz1
using credential be3b2cff-5268-4182-a600-9c667c9d0280
Cloning the remote Git repository
Cloning repository https://github.com/JZ-Yang/JZ-Yang.git
 > git init /var/jenkins_home/workspace/yjz1 # timeout=10
Fetching upstream changes from https://github.com/JZ-Yang/JZ-Yang.git
 > git --version # timeout=10
using GIT_ASKPASS to set credentials 
 > git fetch --tags --progress -- https://github.com/JZ-Yang/JZ-Yang.git +refs/heads/*:refs/remotes/origin/* # timeout=10
 > git config remote.origin.url https://github.com/JZ-Yang/JZ-Yang.git # timeout=10
 > git config --add remote.origin.fetch +refs/heads/*:refs/remotes/origin/* # timeout=10
 > git config remote.origin.url https://github.com/JZ-Yang/JZ-Yang.git # timeout=10
Fetching upstream changes from https://github.com/JZ-Yang/JZ-Yang.git
using GIT_ASKPASS to set credentials 
 > git fetch --tags --progress -- https://github.com/JZ-Yang/JZ-Yang.git +refs/heads/*:refs/remotes/origin/* # timeout=10
 > git rev-parse origin/master^{commit} # timeout=10
Checking out Revision 193f6a5b8301547e1b1968a5a9995bea40760705 (origin/master)
 > git config core.sparsecheckout # timeout=10
 > git checkout -f 193f6a5b8301547e1b1968a5a9995bea40760705 # timeout=10
Commit message: "yjz"
First time build. Skipping changelog.
[yjz1] $ /bin/sh -xe /tmp/jenkins3175125627394042230.sh
